<?xml version="1.0" encoding="UTF-8"?>
<testng-results skipped="0" failed="0" ignored="0" total="1" passed="1">
  <reporter-output>
  </reporter-output>
  <suite name="Default suite" duration-ms="137068" started-at="2022-04-01T00:17:31 EAT" finished-at="2022-04-01T00:19:48 EAT">
    <groups>
    </groups>
    <test name="Default test" duration-ms="137068" started-at="2022-04-01T00:17:31 EAT" finished-at="2022-04-01T00:19:48 EAT">
      <class name="com.banking.processes.Banking_Processes_Demo.Registration">
        <test-method status="PASS" signature="PositiveRegistration()[pri:0, instance:com.banking.processes.Banking_Processes_Demo.Registration@7a9273a8]" name="PositiveRegistration" duration-ms="136964" started-at="2022-04-01T00:17:31 EAT" finished-at="2022-04-01T00:19:48 EAT">
          <reporter-output>
          </reporter-output>
        </test-method> <!-- PositiveRegistration -->
      </class> <!-- com.banking.processes.Banking_Processes_Demo.Registration -->
    </test> <!-- Default test -->
  </suite> <!-- Default suite -->
</testng-results>
